[04:05:48] [ServerMain/INFO]: [bootstrap] Running Java 21 (OpenJDK 64-Bit Server VM 21.0.5+11-Ubuntu-1ubuntu120.04; Ubuntu null) on Linux 6.5.0-1025-azure (amd64)
[04:05:48] [ServerMain/INFO]: [bootstrap] Loading Paper 1.21-130-master@b1b5d4c (2024-08-10T10:02:42Z) for Minecraft 1.21
[04:05:48] [ServerMain/INFO]: [PluginInitializerManager] Initializing plugins...
[04:05:48] [ServerMain/INFO]: [PluginInitializerManager] Initialized 0 plugins
[04:05:50] [Paper Plugin Remapper Thread - 1/INFO]: [ReobfServer] Remapping server...
[04:06:00] [ServerMain/INFO]: Environment: Environment[sessionHost=https://sessionserver.mojang.com, servicesHost=https://api.minecraftservices.com, name=PROD]
[04:06:00] [ServerMain/INFO]: Found new data pack file/bukkit, loading it automatically
[04:06:00] [ServerMain/INFO]: Found new data pack paper, loading it automatically
[04:06:03] [ServerMain/INFO]: No existing world data, creating new world
[04:06:05] [ServerMain/INFO]: Loaded 1290 recipes
[04:06:06] [Paper Plugin Remapper Thread - 1/INFO]: [ReobfServer] Done remapping server in 15728ms.
[04:06:06] [ServerMain/INFO]: Loaded 1399 advancements
[04:06:06] [Server thread/INFO]: Starting minecraft server version 1.21
[04:06:06] [Server thread/INFO]: Loading properties
[04:06:06] [Server thread/INFO]: This server is running Paper version 1.21-130-master@b1b5d4c (2024-08-10T10:02:42Z) (Implementing API version 1.21-R0.1-SNAPSHOT)
[04:06:07] [Server thread/INFO]: [spark] This server bundles the spark profiler. For more information please visit https://docs.papermc.io/paper/profiling
[04:06:07] [Server thread/INFO]: Server Ping Player Sample Count: 12
[04:06:07] [Server thread/INFO]: Using 4 threads for Netty based IO
[04:06:09] [Server thread/INFO]: [ChunkTaskScheduler] Chunk system is using 1 I/O threads, 1 worker threads, and population gen parallelism of 1 threads
[04:06:10] [Server thread/INFO]: Default game type: SURVIVAL
[04:06:10] [Server thread/INFO]: Generating keypair
[04:06:10] [Server thread/INFO]: Starting Minecraft server on *:25565
[04:06:10] [Server thread/INFO]: Using epoll channel type
[04:06:10] [Server thread/INFO]: Paper: Using libdeflate (Linux x86_64) compression from Velocity.
[04:06:10] [Server thread/INFO]: Paper: Using OpenSSL 1.1.x (Linux x86_64) cipher from Velocity.
[04:06:10] [Server thread/WARN]: **** SERVER IS RUNNING IN OFFLINE/INSECURE MODE!
[04:06:10] [Server thread/WARN]: The server will make no attempt to authenticate usernames. Beware.
[04:06:10] [Server thread/WARN]: While this makes the game possible to play without internet access, it also opens up the ability for hackers to connect with any username they choose.
[04:06:10] [Server thread/WARN]: To change this, set "online-mode" to "true" in the server.properties file.
[04:06:10] [Server thread/INFO]: Preparing level "world"
[04:06:30] [Server thread/INFO]: Preparing start region for dimension minecraft:overworld
[04:06:43] [Server thread/INFO]: Time elapsed: 13092 ms
[04:06:43] [Server thread/INFO]: Preparing start region for dimension minecraft:the_nether
[04:06:46] [Server thread/INFO]: Time elapsed: 2944 ms
[04:06:46] [Server thread/INFO]: Preparing start region for dimension minecraft:the_end
[04:06:47] [Server thread/INFO]: Time elapsed: 864 ms
[04:06:47] [Server thread/INFO]: [spark] Starting background profiler...
[04:06:48] [Server thread/INFO]: Done preparing level "world" (37.757s)
[04:06:48] [Server thread/INFO]: Running delayed init tasks
[04:06:48] [Server thread/INFO]: Done (61.550s)! For help, type "help"
[04:06:48] [Server thread/INFO]: *************************************************************************************
[04:06:48] [Server thread/INFO]: This is the first time you're starting this server.
[04:06:48] [Server thread/INFO]: It's recommended you read our 'Getting Started' documentation for guidance.
[04:06:48] [Server thread/INFO]: View this and more helpful information here: https://docs.papermc.io/paper/next-steps
[04:06:48] [Server thread/INFO]: *************************************************************************************
[04:06:48] [Server thread/INFO]: Timings Reset
[04:06:59] [Server thread/INFO]: Stopping the server
[04:06:59] [Server thread/INFO]: Stopping server
[04:06:59] [Server thread/INFO]: Saving players
[04:06:59] [Server thread/INFO]: Saving worlds
[04:06:59] [Server thread/INFO]: Saving chunks for level 'ServerLevel[world]'/minecraft:overworld
[04:06:59] [Server thread/INFO]: [ChunkHolderManager] Waiting 60s for chunk system to halt for world 'world'
[04:06:59] [Server thread/INFO]: [ChunkHolderManager] Halted chunk system for world 'world'
[04:06:59] [Server thread/INFO]: [ChunkHolderManager] Saving all chunkholders for world 'world'
[04:07:01] [Server thread/INFO]: [ChunkHolderManager] Saved 841 block chunks, 49 entity chunks, 7 poi chunks in world 'world' in 1.74s
[04:07:01] [Server thread/INFO]: Saving chunks for level 'ServerLevel[world_nether]'/minecraft:the_nether
[04:07:01] [Server thread/INFO]: [ChunkHolderManager] Waiting 60s for chunk system to halt for world 'world_nether'
[04:07:01] [Server thread/INFO]: [ChunkHolderManager] Halted chunk system for world 'world_nether'
[04:07:01] [Server thread/INFO]: [ChunkHolderManager] Saving all chunkholders for world 'world_nether'
[04:07:01] [Server thread/INFO]: [ChunkHolderManager] Saved 841 block chunks, 49 entity chunks, 0 poi chunks in world 'world_nether' in 0.74s
[04:07:01] [Server thread/INFO]: Saving chunks for level 'ServerLevel[world_the_end]'/minecraft:the_end
[04:07:01] [Server thread/INFO]: [ChunkHolderManager] Waiting 60s for chunk system to halt for world 'world_the_end'
[04:07:01] [Server thread/INFO]: [ChunkHolderManager] Halted chunk system for world 'world_the_end'
[04:07:01] [Server thread/INFO]: [ChunkHolderManager] Saving all chunkholders for world 'world_the_end'
[04:07:02] [Server thread/INFO]: [ChunkHolderManager] Saved 841 block chunks, 49 entity chunks, 0 poi chunks in world 'world_the_end' in 0.58s
[04:07:02] [Server thread/INFO]: ThreadedAnvilChunkStorage (world): All chunks are saved
[04:07:02] [Server thread/INFO]: ThreadedAnvilChunkStorage (DIM-1): All chunks are saved
[04:07:02] [Server thread/INFO]: ThreadedAnvilChunkStorage (DIM1): All chunks are saved
[04:07:02] [Server thread/INFO]: ThreadedAnvilChunkStorage: All dimensions are saved
